ARM GAS  C:\Users\lidka\AppData\Local\Temp\ccox0UsL.s 			page 1


   1              		.cpu cortex-m0plus
   2              		.arch armv6s-m
   3              		.fpu softvfp
   4              		.eabi_attribute 20, 1
   5              		.eabi_attribute 21, 1
   6              		.eabi_attribute 23, 3
   7              		.eabi_attribute 24, 1
   8              		.eabi_attribute 25, 1
   9              		.eabi_attribute 26, 1
  10              		.eabi_attribute 30, 6
  11              		.eabi_attribute 34, 0
  12              		.eabi_attribute 18, 4
  13              		.file	"gpio.c"
  14              		.text
  15              	.Ltext0:
  16              		.cfi_sections	.debug_frame
  17              		.section	.text.MX_GPIO_Init,"ax",%progbits
  18              		.align	1
  19              		.global	MX_GPIO_Init
  20              		.syntax unified
  21              		.code	16
  22              		.thumb_func
  24              	MX_GPIO_Init:
  25              	.LFB47:
  26              		.file 1 "Core/Src/gpio.c"
   1:Core/Src/gpio.c **** /* USER CODE BEGIN Header */
   2:Core/Src/gpio.c **** /**
   3:Core/Src/gpio.c ****   ******************************************************************************
   4:Core/Src/gpio.c ****   * @file    gpio.c
   5:Core/Src/gpio.c ****   * @brief   This file provides code for the configuration
   6:Core/Src/gpio.c ****   *          of all used GPIO pins.
   7:Core/Src/gpio.c ****   ******************************************************************************
   8:Core/Src/gpio.c ****   * @attention
   9:Core/Src/gpio.c ****   *
  10:Core/Src/gpio.c ****   * Copyright (c) 2022 STMicroelectronics.
  11:Core/Src/gpio.c ****   * All rights reserved.
  12:Core/Src/gpio.c ****   *
  13:Core/Src/gpio.c ****   * This software is licensed under terms that can be found in the LICENSE file
  14:Core/Src/gpio.c ****   * in the root directory of this software component.
  15:Core/Src/gpio.c ****   * If no LICENSE file comes with this software, it is provided AS-IS.
  16:Core/Src/gpio.c ****   *
  17:Core/Src/gpio.c ****   ******************************************************************************
  18:Core/Src/gpio.c ****   */
  19:Core/Src/gpio.c **** /* USER CODE END Header */
  20:Core/Src/gpio.c **** 
  21:Core/Src/gpio.c **** /* Includes ------------------------------------------------------------------*/
  22:Core/Src/gpio.c **** #include "gpio.h"
  23:Core/Src/gpio.c **** 
  24:Core/Src/gpio.c **** /* USER CODE BEGIN 0 */
  25:Core/Src/gpio.c **** 
  26:Core/Src/gpio.c **** /* USER CODE END 0 */
  27:Core/Src/gpio.c **** 
  28:Core/Src/gpio.c **** /*----------------------------------------------------------------------------*/
  29:Core/Src/gpio.c **** /* Configure GPIO                                                             */
  30:Core/Src/gpio.c **** /*----------------------------------------------------------------------------*/
  31:Core/Src/gpio.c **** /* USER CODE BEGIN 1 */
  32:Core/Src/gpio.c **** 
ARM GAS  C:\Users\lidka\AppData\Local\Temp\ccox0UsL.s 			page 2


  33:Core/Src/gpio.c **** /* USER CODE END 1 */
  34:Core/Src/gpio.c **** 
  35:Core/Src/gpio.c **** /** Configure pins as
  36:Core/Src/gpio.c ****         * Analog
  37:Core/Src/gpio.c ****         * Input
  38:Core/Src/gpio.c ****         * Output
  39:Core/Src/gpio.c ****         * EVENT_OUT
  40:Core/Src/gpio.c ****         * EXTI
  41:Core/Src/gpio.c **** */
  42:Core/Src/gpio.c **** void MX_GPIO_Init(void)
  43:Core/Src/gpio.c **** {
  27              		.loc 1 43 1
  28              		.cfi_startproc
  29              		@ args = 0, pretend = 0, frame = 32
  30              		@ frame_needed = 1, uses_anonymous_args = 0
  31 0000 90B5     		push	{r4, r7, lr}
  32              	.LCFI0:
  33              		.cfi_def_cfa_offset 12
  34              		.cfi_offset 4, -12
  35              		.cfi_offset 7, -8
  36              		.cfi_offset 14, -4
  37 0002 89B0     		sub	sp, sp, #36
  38              	.LCFI1:
  39              		.cfi_def_cfa_offset 48
  40 0004 00AF     		add	r7, sp, #0
  41              	.LCFI2:
  42              		.cfi_def_cfa_register 7
  44:Core/Src/gpio.c **** 
  45:Core/Src/gpio.c ****   GPIO_InitTypeDef GPIO_InitStruct = {0};
  43              		.loc 1 45 20
  44 0006 0C24     		movs	r4, #12
  45 0008 3B19     		adds	r3, r7, r4
  46 000a 1800     		movs	r0, r3
  47 000c 1423     		movs	r3, #20
  48 000e 1A00     		movs	r2, r3
  49 0010 0021     		movs	r1, #0
  50 0012 FFF7FEFF 		bl	memset
  51              	.LBB2:
  46:Core/Src/gpio.c **** 
  47:Core/Src/gpio.c ****   /* GPIO Ports Clock Enable */
  48:Core/Src/gpio.c ****   __HAL_RCC_GPIOC_CLK_ENABLE();
  52              		.loc 1 48 3
  53 0016 2A4B     		ldr	r3, .L2
  54 0018 DA6A     		ldr	r2, [r3, #44]
  55 001a 294B     		ldr	r3, .L2
  56 001c 0421     		movs	r1, #4
  57 001e 0A43     		orrs	r2, r1
  58 0020 DA62     		str	r2, [r3, #44]
  59 0022 274B     		ldr	r3, .L2
  60 0024 DB6A     		ldr	r3, [r3, #44]
  61 0026 0422     		movs	r2, #4
  62 0028 1340     		ands	r3, r2
  63 002a BB60     		str	r3, [r7, #8]
  64 002c BB68     		ldr	r3, [r7, #8]
  65              	.LBE2:
  66              	.LBB3:
  49:Core/Src/gpio.c ****   __HAL_RCC_GPIOA_CLK_ENABLE();
ARM GAS  C:\Users\lidka\AppData\Local\Temp\ccox0UsL.s 			page 3


  67              		.loc 1 49 3
  68 002e 244B     		ldr	r3, .L2
  69 0030 DA6A     		ldr	r2, [r3, #44]
  70 0032 234B     		ldr	r3, .L2
  71 0034 0121     		movs	r1, #1
  72 0036 0A43     		orrs	r2, r1
  73 0038 DA62     		str	r2, [r3, #44]
  74 003a 214B     		ldr	r3, .L2
  75 003c DB6A     		ldr	r3, [r3, #44]
  76 003e 0122     		movs	r2, #1
  77 0040 1340     		ands	r3, r2
  78 0042 7B60     		str	r3, [r7, #4]
  79 0044 7B68     		ldr	r3, [r7, #4]
  80              	.LBE3:
  81              	.LBB4:
  50:Core/Src/gpio.c ****   __HAL_RCC_GPIOB_CLK_ENABLE();
  82              		.loc 1 50 3
  83 0046 1E4B     		ldr	r3, .L2
  84 0048 DA6A     		ldr	r2, [r3, #44]
  85 004a 1D4B     		ldr	r3, .L2
  86 004c 0221     		movs	r1, #2
  87 004e 0A43     		orrs	r2, r1
  88 0050 DA62     		str	r2, [r3, #44]
  89 0052 1B4B     		ldr	r3, .L2
  90 0054 DB6A     		ldr	r3, [r3, #44]
  91 0056 0222     		movs	r2, #2
  92 0058 1340     		ands	r3, r2
  93 005a 3B60     		str	r3, [r7]
  94 005c 3B68     		ldr	r3, [r7]
  95              	.LBE4:
  51:Core/Src/gpio.c **** 
  52:Core/Src/gpio.c ****   /*Configure GPIO pin Output Level */
  53:Core/Src/gpio.c ****   HAL_GPIO_WritePin(LD2_GPIO_Port, LD2_Pin, GPIO_PIN_RESET);
  96              		.loc 1 53 3
  97 005e A023     		movs	r3, #160
  98 0060 DB05     		lsls	r3, r3, #23
  99 0062 0022     		movs	r2, #0
 100 0064 2021     		movs	r1, #32
 101 0066 1800     		movs	r0, r3
 102 0068 FFF7FEFF 		bl	HAL_GPIO_WritePin
  54:Core/Src/gpio.c **** 
  55:Core/Src/gpio.c ****   /*Configure GPIO pin : PtPin */
  56:Core/Src/gpio.c ****   GPIO_InitStruct.Pin = B1_Pin;
 103              		.loc 1 56 23
 104 006c 3B19     		adds	r3, r7, r4
 105 006e 8022     		movs	r2, #128
 106 0070 9201     		lsls	r2, r2, #6
 107 0072 1A60     		str	r2, [r3]
  57:Core/Src/gpio.c ****   GPIO_InitStruct.Mode = GPIO_MODE_IT_FALLING;
 108              		.loc 1 57 24
 109 0074 3B19     		adds	r3, r7, r4
 110 0076 8422     		movs	r2, #132
 111 0078 9203     		lsls	r2, r2, #14
 112 007a 5A60     		str	r2, [r3, #4]
  58:Core/Src/gpio.c ****   GPIO_InitStruct.Pull = GPIO_NOPULL;
 113              		.loc 1 58 24
 114 007c 3B19     		adds	r3, r7, r4
ARM GAS  C:\Users\lidka\AppData\Local\Temp\ccox0UsL.s 			page 4


 115 007e 0022     		movs	r2, #0
 116 0080 9A60     		str	r2, [r3, #8]
  59:Core/Src/gpio.c ****   HAL_GPIO_Init(B1_GPIO_Port, &GPIO_InitStruct);
 117              		.loc 1 59 3
 118 0082 3B19     		adds	r3, r7, r4
 119 0084 0F4A     		ldr	r2, .L2+4
 120 0086 1900     		movs	r1, r3
 121 0088 1000     		movs	r0, r2
 122 008a FFF7FEFF 		bl	HAL_GPIO_Init
  60:Core/Src/gpio.c **** 
  61:Core/Src/gpio.c ****   /*Configure GPIO pin : PtPin */
  62:Core/Src/gpio.c ****   GPIO_InitStruct.Pin = LD2_Pin;
 123              		.loc 1 62 23
 124 008e 2100     		movs	r1, r4
 125 0090 7B18     		adds	r3, r7, r1
 126 0092 2022     		movs	r2, #32
 127 0094 1A60     		str	r2, [r3]
  63:Core/Src/gpio.c ****   GPIO_InitStruct.Mode = GPIO_MODE_OUTPUT_PP;
 128              		.loc 1 63 24
 129 0096 7B18     		adds	r3, r7, r1
 130 0098 0122     		movs	r2, #1
 131 009a 5A60     		str	r2, [r3, #4]
  64:Core/Src/gpio.c ****   GPIO_InitStruct.Pull = GPIO_NOPULL;
 132              		.loc 1 64 24
 133 009c 7B18     		adds	r3, r7, r1
 134 009e 0022     		movs	r2, #0
 135 00a0 9A60     		str	r2, [r3, #8]
  65:Core/Src/gpio.c ****   GPIO_InitStruct.Speed = GPIO_SPEED_FREQ_LOW;
 136              		.loc 1 65 25
 137 00a2 7B18     		adds	r3, r7, r1
 138 00a4 0022     		movs	r2, #0
 139 00a6 DA60     		str	r2, [r3, #12]
  66:Core/Src/gpio.c ****   HAL_GPIO_Init(LD2_GPIO_Port, &GPIO_InitStruct);
 140              		.loc 1 66 3
 141 00a8 7A18     		adds	r2, r7, r1
 142 00aa A023     		movs	r3, #160
 143 00ac DB05     		lsls	r3, r3, #23
 144 00ae 1100     		movs	r1, r2
 145 00b0 1800     		movs	r0, r3
 146 00b2 FFF7FEFF 		bl	HAL_GPIO_Init
  67:Core/Src/gpio.c **** 
  68:Core/Src/gpio.c **** }
 147              		.loc 1 68 1
 148 00b6 C046     		nop
 149 00b8 BD46     		mov	sp, r7
 150 00ba 09B0     		add	sp, sp, #36
 151              		@ sp needed
 152 00bc 90BD     		pop	{r4, r7, pc}
 153              	.L3:
 154 00be C046     		.align	2
 155              	.L2:
 156 00c0 00100240 		.word	1073876992
 157 00c4 00080050 		.word	1342179328
 158              		.cfi_endproc
 159              	.LFE47:
 161              		.text
 162              	.Letext0:
ARM GAS  C:\Users\lidka\AppData\Local\Temp\ccox0UsL.s 			page 5


 163              		.file 2 "d:\\program files (x86)\\gnu arm embedded toolchain\\10 2021.10\\arm-none-eabi\\include\\
 164              		.file 3 "d:\\program files (x86)\\gnu arm embedded toolchain\\10 2021.10\\arm-none-eabi\\include\\
 165              		.file 4 "Drivers/CMSIS/Device/ST/STM32L0xx/Include/stm32l053xx.h"
 166              		.file 5 "Drivers/STM32L0xx_HAL_Driver/Inc/stm32l0xx_hal_gpio.h"
ARM GAS  C:\Users\lidka\AppData\Local\Temp\ccox0UsL.s 			page 6


DEFINED SYMBOLS
                            *ABS*:00000000 gpio.c
C:\Users\lidka\AppData\Local\Temp\ccox0UsL.s:18     .text.MX_GPIO_Init:00000000 $t
C:\Users\lidka\AppData\Local\Temp\ccox0UsL.s:24     .text.MX_GPIO_Init:00000000 MX_GPIO_Init
C:\Users\lidka\AppData\Local\Temp\ccox0UsL.s:156    .text.MX_GPIO_Init:000000c0 $d

UNDEFINED SYMBOLS
memset
HAL_GPIO_WritePin
HAL_GPIO_Init
