ARM GAS  C:\Users\lidka\AppData\Local\Temp\ccYzrExM.s 			page 1


   1              		.cpu cortex-m0plus
   2              		.arch armv6s-m
   3              		.fpu softvfp
   4              		.eabi_attribute 20, 1
   5              		.eabi_attribute 21, 1
   6              		.eabi_attribute 23, 3
   7              		.eabi_attribute 24, 1
   8              		.eabi_attribute 25, 1
   9              		.eabi_attribute 26, 1
  10              		.eabi_attribute 30, 6
  11              		.eabi_attribute 34, 0
  12              		.eabi_attribute 18, 4
  13              		.file	"stm32l0xx_hal_msp.c"
  14              		.text
  15              	.Ltext0:
  16              		.cfi_sections	.debug_frame
  17              		.section	.text.HAL_MspInit,"ax",%progbits
  18              		.align	1
  19              		.global	HAL_MspInit
  20              		.syntax unified
  21              		.code	16
  22              		.thumb_func
  24              	HAL_MspInit:
  25              	.LFB47:
  26              		.file 1 "Core/Src/stm32l0xx_hal_msp.c"
   1:Core/Src/stm32l0xx_hal_msp.c **** /* USER CODE BEGIN Header */
   2:Core/Src/stm32l0xx_hal_msp.c **** /**
   3:Core/Src/stm32l0xx_hal_msp.c ****   ******************************************************************************
   4:Core/Src/stm32l0xx_hal_msp.c ****   * @file         stm32l0xx_hal_msp.c
   5:Core/Src/stm32l0xx_hal_msp.c ****   * @brief        This file provides code for the MSP Initialization
   6:Core/Src/stm32l0xx_hal_msp.c ****   *               and de-Initialization codes.
   7:Core/Src/stm32l0xx_hal_msp.c ****   ******************************************************************************
   8:Core/Src/stm32l0xx_hal_msp.c ****   * @attention
   9:Core/Src/stm32l0xx_hal_msp.c ****   *
  10:Core/Src/stm32l0xx_hal_msp.c ****   * Copyright (c) 2022 STMicroelectronics.
  11:Core/Src/stm32l0xx_hal_msp.c ****   * All rights reserved.
  12:Core/Src/stm32l0xx_hal_msp.c ****   *
  13:Core/Src/stm32l0xx_hal_msp.c ****   * This software is licensed under terms that can be found in the LICENSE file
  14:Core/Src/stm32l0xx_hal_msp.c ****   * in the root directory of this software component.
  15:Core/Src/stm32l0xx_hal_msp.c ****   * If no LICENSE file comes with this software, it is provided AS-IS.
  16:Core/Src/stm32l0xx_hal_msp.c ****   *
  17:Core/Src/stm32l0xx_hal_msp.c ****   ******************************************************************************
  18:Core/Src/stm32l0xx_hal_msp.c ****   */
  19:Core/Src/stm32l0xx_hal_msp.c **** /* USER CODE END Header */
  20:Core/Src/stm32l0xx_hal_msp.c **** 
  21:Core/Src/stm32l0xx_hal_msp.c **** /* Includes ------------------------------------------------------------------*/
  22:Core/Src/stm32l0xx_hal_msp.c **** #include "main.h"
  23:Core/Src/stm32l0xx_hal_msp.c **** /* USER CODE BEGIN Includes */
  24:Core/Src/stm32l0xx_hal_msp.c **** 
  25:Core/Src/stm32l0xx_hal_msp.c **** /* USER CODE END Includes */
  26:Core/Src/stm32l0xx_hal_msp.c **** 
  27:Core/Src/stm32l0xx_hal_msp.c **** /* Private typedef -----------------------------------------------------------*/
  28:Core/Src/stm32l0xx_hal_msp.c **** /* USER CODE BEGIN TD */
  29:Core/Src/stm32l0xx_hal_msp.c **** 
  30:Core/Src/stm32l0xx_hal_msp.c **** /* USER CODE END TD */
  31:Core/Src/stm32l0xx_hal_msp.c **** 
  32:Core/Src/stm32l0xx_hal_msp.c **** /* Private define ------------------------------------------------------------*/
ARM GAS  C:\Users\lidka\AppData\Local\Temp\ccYzrExM.s 			page 2


  33:Core/Src/stm32l0xx_hal_msp.c **** /* USER CODE BEGIN Define */
  34:Core/Src/stm32l0xx_hal_msp.c **** 
  35:Core/Src/stm32l0xx_hal_msp.c **** /* USER CODE END Define */
  36:Core/Src/stm32l0xx_hal_msp.c **** 
  37:Core/Src/stm32l0xx_hal_msp.c **** /* Private macro -------------------------------------------------------------*/
  38:Core/Src/stm32l0xx_hal_msp.c **** /* USER CODE BEGIN Macro */
  39:Core/Src/stm32l0xx_hal_msp.c **** 
  40:Core/Src/stm32l0xx_hal_msp.c **** /* USER CODE END Macro */
  41:Core/Src/stm32l0xx_hal_msp.c **** 
  42:Core/Src/stm32l0xx_hal_msp.c **** /* Private variables ---------------------------------------------------------*/
  43:Core/Src/stm32l0xx_hal_msp.c **** /* USER CODE BEGIN PV */
  44:Core/Src/stm32l0xx_hal_msp.c **** 
  45:Core/Src/stm32l0xx_hal_msp.c **** /* USER CODE END PV */
  46:Core/Src/stm32l0xx_hal_msp.c **** 
  47:Core/Src/stm32l0xx_hal_msp.c **** /* Private function prototypes -----------------------------------------------*/
  48:Core/Src/stm32l0xx_hal_msp.c **** /* USER CODE BEGIN PFP */
  49:Core/Src/stm32l0xx_hal_msp.c **** 
  50:Core/Src/stm32l0xx_hal_msp.c **** /* USER CODE END PFP */
  51:Core/Src/stm32l0xx_hal_msp.c **** 
  52:Core/Src/stm32l0xx_hal_msp.c **** /* External functions --------------------------------------------------------*/
  53:Core/Src/stm32l0xx_hal_msp.c **** /* USER CODE BEGIN ExternalFunctions */
  54:Core/Src/stm32l0xx_hal_msp.c **** 
  55:Core/Src/stm32l0xx_hal_msp.c **** /* USER CODE END ExternalFunctions */
  56:Core/Src/stm32l0xx_hal_msp.c **** 
  57:Core/Src/stm32l0xx_hal_msp.c **** /* USER CODE BEGIN 0 */
  58:Core/Src/stm32l0xx_hal_msp.c **** 
  59:Core/Src/stm32l0xx_hal_msp.c **** /* USER CODE END 0 */
  60:Core/Src/stm32l0xx_hal_msp.c **** /**
  61:Core/Src/stm32l0xx_hal_msp.c ****   * Initializes the Global MSP.
  62:Core/Src/stm32l0xx_hal_msp.c ****   */
  63:Core/Src/stm32l0xx_hal_msp.c **** void HAL_MspInit(void)
  64:Core/Src/stm32l0xx_hal_msp.c **** {
  27              		.loc 1 64 1
  28              		.cfi_startproc
  29              		@ args = 0, pretend = 0, frame = 0
  30              		@ frame_needed = 1, uses_anonymous_args = 0
  31 0000 80B5     		push	{r7, lr}
  32              	.LCFI0:
  33              		.cfi_def_cfa_offset 8
  34              		.cfi_offset 7, -8
  35              		.cfi_offset 14, -4
  36 0002 00AF     		add	r7, sp, #0
  37              	.LCFI1:
  38              		.cfi_def_cfa_register 7
  65:Core/Src/stm32l0xx_hal_msp.c ****   /* USER CODE BEGIN MspInit 0 */
  66:Core/Src/stm32l0xx_hal_msp.c **** 
  67:Core/Src/stm32l0xx_hal_msp.c ****   /* USER CODE END MspInit 0 */
  68:Core/Src/stm32l0xx_hal_msp.c **** 
  69:Core/Src/stm32l0xx_hal_msp.c ****   __HAL_RCC_SYSCFG_CLK_ENABLE();
  39              		.loc 1 69 3
  40 0004 074B     		ldr	r3, .L2
  41 0006 5A6B     		ldr	r2, [r3, #52]
  42 0008 064B     		ldr	r3, .L2
  43 000a 0121     		movs	r1, #1
  44 000c 0A43     		orrs	r2, r1
  45 000e 5A63     		str	r2, [r3, #52]
  70:Core/Src/stm32l0xx_hal_msp.c ****   __HAL_RCC_PWR_CLK_ENABLE();
ARM GAS  C:\Users\lidka\AppData\Local\Temp\ccYzrExM.s 			page 3


  46              		.loc 1 70 3
  47 0010 044B     		ldr	r3, .L2
  48 0012 9A6B     		ldr	r2, [r3, #56]
  49 0014 034B     		ldr	r3, .L2
  50 0016 8021     		movs	r1, #128
  51 0018 4905     		lsls	r1, r1, #21
  52 001a 0A43     		orrs	r2, r1
  53 001c 9A63     		str	r2, [r3, #56]
  71:Core/Src/stm32l0xx_hal_msp.c **** 
  72:Core/Src/stm32l0xx_hal_msp.c ****   /* System interrupt init*/
  73:Core/Src/stm32l0xx_hal_msp.c **** 
  74:Core/Src/stm32l0xx_hal_msp.c ****   /* USER CODE BEGIN MspInit 1 */
  75:Core/Src/stm32l0xx_hal_msp.c **** 
  76:Core/Src/stm32l0xx_hal_msp.c ****   /* USER CODE END MspInit 1 */
  77:Core/Src/stm32l0xx_hal_msp.c **** }
  54              		.loc 1 77 1
  55 001e C046     		nop
  56 0020 BD46     		mov	sp, r7
  57              		@ sp needed
  58 0022 80BD     		pop	{r7, pc}
  59              	.L3:
  60              		.align	2
  61              	.L2:
  62 0024 00100240 		.word	1073876992
  63              		.cfi_endproc
  64              	.LFE47:
  66              		.text
  67              	.Letext0:
  68              		.file 2 "d:\\program files (x86)\\gnu arm embedded toolchain\\10 2021.10\\arm-none-eabi\\include\\
  69              		.file 3 "d:\\program files (x86)\\gnu arm embedded toolchain\\10 2021.10\\arm-none-eabi\\include\\
  70              		.file 4 "Drivers/CMSIS/Device/ST/STM32L0xx/Include/stm32l053xx.h"
ARM GAS  C:\Users\lidka\AppData\Local\Temp\ccYzrExM.s 			page 4


DEFINED SYMBOLS
                            *ABS*:00000000 stm32l0xx_hal_msp.c
C:\Users\lidka\AppData\Local\Temp\ccYzrExM.s:18     .text.HAL_MspInit:00000000 $t
C:\Users\lidka\AppData\Local\Temp\ccYzrExM.s:24     .text.HAL_MspInit:00000000 HAL_MspInit
C:\Users\lidka\AppData\Local\Temp\ccYzrExM.s:62     .text.HAL_MspInit:00000024 $d

NO UNDEFINED SYMBOLS
