ARM GAS  C:\Users\lidka\AppData\Local\Temp\ccTu9ICs.s 			page 1


   1              		.cpu cortex-m0plus
   2              		.arch armv6s-m
   3              		.fpu softvfp
   4              		.eabi_attribute 20, 1
   5              		.eabi_attribute 21, 1
   6              		.eabi_attribute 23, 3
   7              		.eabi_attribute 24, 1
   8              		.eabi_attribute 25, 1
   9              		.eabi_attribute 26, 1
  10              		.eabi_attribute 30, 6
  11              		.eabi_attribute 34, 0
  12              		.eabi_attribute 18, 4
  13              		.file	"stm32l0xx_hal_pwr_ex.c"
  14              		.text
  15              	.Ltext0:
  16              		.cfi_sections	.debug_frame
  17              		.section	.text.HAL_PWREx_GetVoltageRange,"ax",%progbits
  18              		.align	1
  19              		.global	HAL_PWREx_GetVoltageRange
  20              		.syntax unified
  21              		.code	16
  22              		.thumb_func
  24              	HAL_PWREx_GetVoltageRange:
  25              	.LFB47:
  26              		.file 1 "Drivers/STM32L0xx_HAL_Driver/Src/stm32l0xx_hal_pwr_ex.c"
   1:Drivers/STM32L0xx_HAL_Driver/Src/stm32l0xx_hal_pwr_ex.c **** /**
   2:Drivers/STM32L0xx_HAL_Driver/Src/stm32l0xx_hal_pwr_ex.c ****   ******************************************************************************
   3:Drivers/STM32L0xx_HAL_Driver/Src/stm32l0xx_hal_pwr_ex.c ****   * @file    stm32l0xx_hal_pwr_ex.c
   4:Drivers/STM32L0xx_HAL_Driver/Src/stm32l0xx_hal_pwr_ex.c ****   * @author  MCD Application Team
   5:Drivers/STM32L0xx_HAL_Driver/Src/stm32l0xx_hal_pwr_ex.c ****   * @brief   Extended PWR HAL module driver.
   6:Drivers/STM32L0xx_HAL_Driver/Src/stm32l0xx_hal_pwr_ex.c ****   *          This file provides firmware functions to manage the following
   7:Drivers/STM32L0xx_HAL_Driver/Src/stm32l0xx_hal_pwr_ex.c ****   *          functionalities of the Power Controller (PWR) peripheral:
   8:Drivers/STM32L0xx_HAL_Driver/Src/stm32l0xx_hal_pwr_ex.c ****   *           + Extended Initialization and de-initialization functions
   9:Drivers/STM32L0xx_HAL_Driver/Src/stm32l0xx_hal_pwr_ex.c ****   *           + Extended Peripheral Control functions
  10:Drivers/STM32L0xx_HAL_Driver/Src/stm32l0xx_hal_pwr_ex.c ****   *         
  11:Drivers/STM32L0xx_HAL_Driver/Src/stm32l0xx_hal_pwr_ex.c ****   ******************************************************************************
  12:Drivers/STM32L0xx_HAL_Driver/Src/stm32l0xx_hal_pwr_ex.c ****   * @attention
  13:Drivers/STM32L0xx_HAL_Driver/Src/stm32l0xx_hal_pwr_ex.c ****   *
  14:Drivers/STM32L0xx_HAL_Driver/Src/stm32l0xx_hal_pwr_ex.c ****   * <h2><center>&copy; Copyright(c) 2016 STMicroelectronics.
  15:Drivers/STM32L0xx_HAL_Driver/Src/stm32l0xx_hal_pwr_ex.c ****   * All rights reserved.</center></h2>
  16:Drivers/STM32L0xx_HAL_Driver/Src/stm32l0xx_hal_pwr_ex.c ****   *
  17:Drivers/STM32L0xx_HAL_Driver/Src/stm32l0xx_hal_pwr_ex.c ****   * This software component is licensed by ST under BSD 3-Clause license,
  18:Drivers/STM32L0xx_HAL_Driver/Src/stm32l0xx_hal_pwr_ex.c ****   * the "License"; You may not use this file except in compliance with the
  19:Drivers/STM32L0xx_HAL_Driver/Src/stm32l0xx_hal_pwr_ex.c ****   * License. You may obtain a copy of the License at:
  20:Drivers/STM32L0xx_HAL_Driver/Src/stm32l0xx_hal_pwr_ex.c ****   *                        opensource.org/licenses/BSD-3-Clause
  21:Drivers/STM32L0xx_HAL_Driver/Src/stm32l0xx_hal_pwr_ex.c ****   *
  22:Drivers/STM32L0xx_HAL_Driver/Src/stm32l0xx_hal_pwr_ex.c ****   ******************************************************************************
  23:Drivers/STM32L0xx_HAL_Driver/Src/stm32l0xx_hal_pwr_ex.c ****   */
  24:Drivers/STM32L0xx_HAL_Driver/Src/stm32l0xx_hal_pwr_ex.c **** 
  25:Drivers/STM32L0xx_HAL_Driver/Src/stm32l0xx_hal_pwr_ex.c **** /* Includes ------------------------------------------------------------------*/
  26:Drivers/STM32L0xx_HAL_Driver/Src/stm32l0xx_hal_pwr_ex.c **** #include "stm32l0xx_hal.h"
  27:Drivers/STM32L0xx_HAL_Driver/Src/stm32l0xx_hal_pwr_ex.c **** 
  28:Drivers/STM32L0xx_HAL_Driver/Src/stm32l0xx_hal_pwr_ex.c **** #ifdef HAL_PWR_MODULE_ENABLED
  29:Drivers/STM32L0xx_HAL_Driver/Src/stm32l0xx_hal_pwr_ex.c **** /** @addtogroup STM32L0xx_HAL_Driver
  30:Drivers/STM32L0xx_HAL_Driver/Src/stm32l0xx_hal_pwr_ex.c ****   * @{
  31:Drivers/STM32L0xx_HAL_Driver/Src/stm32l0xx_hal_pwr_ex.c ****   */
  32:Drivers/STM32L0xx_HAL_Driver/Src/stm32l0xx_hal_pwr_ex.c **** 
ARM GAS  C:\Users\lidka\AppData\Local\Temp\ccTu9ICs.s 			page 2


  33:Drivers/STM32L0xx_HAL_Driver/Src/stm32l0xx_hal_pwr_ex.c **** /** @addtogroup PWREx 
  34:Drivers/STM32L0xx_HAL_Driver/Src/stm32l0xx_hal_pwr_ex.c ****   * @{
  35:Drivers/STM32L0xx_HAL_Driver/Src/stm32l0xx_hal_pwr_ex.c ****   */
  36:Drivers/STM32L0xx_HAL_Driver/Src/stm32l0xx_hal_pwr_ex.c **** 
  37:Drivers/STM32L0xx_HAL_Driver/Src/stm32l0xx_hal_pwr_ex.c **** /** @addtogroup PWREx_Private
  38:Drivers/STM32L0xx_HAL_Driver/Src/stm32l0xx_hal_pwr_ex.c ****   * @{
  39:Drivers/STM32L0xx_HAL_Driver/Src/stm32l0xx_hal_pwr_ex.c ****   */
  40:Drivers/STM32L0xx_HAL_Driver/Src/stm32l0xx_hal_pwr_ex.c **** 
  41:Drivers/STM32L0xx_HAL_Driver/Src/stm32l0xx_hal_pwr_ex.c **** /** @defgroup PWR_Extended_TimeOut_Value PWREx Flag Setting Time Out Value
  42:Drivers/STM32L0xx_HAL_Driver/Src/stm32l0xx_hal_pwr_ex.c ****   * @{
  43:Drivers/STM32L0xx_HAL_Driver/Src/stm32l0xx_hal_pwr_ex.c ****   */ 
  44:Drivers/STM32L0xx_HAL_Driver/Src/stm32l0xx_hal_pwr_ex.c **** #define PWR_FLAG_SETTING_DELAY_US 50U
  45:Drivers/STM32L0xx_HAL_Driver/Src/stm32l0xx_hal_pwr_ex.c **** /**
  46:Drivers/STM32L0xx_HAL_Driver/Src/stm32l0xx_hal_pwr_ex.c ****   * @}
  47:Drivers/STM32L0xx_HAL_Driver/Src/stm32l0xx_hal_pwr_ex.c ****   */
  48:Drivers/STM32L0xx_HAL_Driver/Src/stm32l0xx_hal_pwr_ex.c **** 
  49:Drivers/STM32L0xx_HAL_Driver/Src/stm32l0xx_hal_pwr_ex.c **** /**
  50:Drivers/STM32L0xx_HAL_Driver/Src/stm32l0xx_hal_pwr_ex.c ****   * @}
  51:Drivers/STM32L0xx_HAL_Driver/Src/stm32l0xx_hal_pwr_ex.c ****   */
  52:Drivers/STM32L0xx_HAL_Driver/Src/stm32l0xx_hal_pwr_ex.c **** 
  53:Drivers/STM32L0xx_HAL_Driver/Src/stm32l0xx_hal_pwr_ex.c **** 
  54:Drivers/STM32L0xx_HAL_Driver/Src/stm32l0xx_hal_pwr_ex.c **** /** @addtogroup PWREx_Exported_Functions
  55:Drivers/STM32L0xx_HAL_Driver/Src/stm32l0xx_hal_pwr_ex.c ****   * @brief      Low Power modes configuration functions 
  56:Drivers/STM32L0xx_HAL_Driver/Src/stm32l0xx_hal_pwr_ex.c ****   *
  57:Drivers/STM32L0xx_HAL_Driver/Src/stm32l0xx_hal_pwr_ex.c **** @verbatim
  58:Drivers/STM32L0xx_HAL_Driver/Src/stm32l0xx_hal_pwr_ex.c **** 
  59:Drivers/STM32L0xx_HAL_Driver/Src/stm32l0xx_hal_pwr_ex.c ****  ===============================================================================
  60:Drivers/STM32L0xx_HAL_Driver/Src/stm32l0xx_hal_pwr_ex.c ****                  ##### Peripheral extended features functions #####
  61:Drivers/STM32L0xx_HAL_Driver/Src/stm32l0xx_hal_pwr_ex.c ****  ===============================================================================
  62:Drivers/STM32L0xx_HAL_Driver/Src/stm32l0xx_hal_pwr_ex.c **** @endverbatim
  63:Drivers/STM32L0xx_HAL_Driver/Src/stm32l0xx_hal_pwr_ex.c ****   * @{
  64:Drivers/STM32L0xx_HAL_Driver/Src/stm32l0xx_hal_pwr_ex.c ****   */
  65:Drivers/STM32L0xx_HAL_Driver/Src/stm32l0xx_hal_pwr_ex.c **** 
  66:Drivers/STM32L0xx_HAL_Driver/Src/stm32l0xx_hal_pwr_ex.c **** /**
  67:Drivers/STM32L0xx_HAL_Driver/Src/stm32l0xx_hal_pwr_ex.c ****   * @brief Return Voltage Scaling Range.   
  68:Drivers/STM32L0xx_HAL_Driver/Src/stm32l0xx_hal_pwr_ex.c ****   * @retval VOS bit field (PWR_REGULATOR_VOLTAGE_SCALE1, PWR_REGULATOR_VOLTAGE_SCALE2 or PWR_REGULA
  69:Drivers/STM32L0xx_HAL_Driver/Src/stm32l0xx_hal_pwr_ex.c ****   */  
  70:Drivers/STM32L0xx_HAL_Driver/Src/stm32l0xx_hal_pwr_ex.c **** uint32_t HAL_PWREx_GetVoltageRange(void)
  71:Drivers/STM32L0xx_HAL_Driver/Src/stm32l0xx_hal_pwr_ex.c **** {
  27              		.loc 1 71 1
  28              		.cfi_startproc
  29              		@ args = 0, pretend = 0, frame = 0
  30              		@ frame_needed = 1, uses_anonymous_args = 0
  31 0000 80B5     		push	{r7, lr}
  32              	.LCFI0:
  33              		.cfi_def_cfa_offset 8
  34              		.cfi_offset 7, -8
  35              		.cfi_offset 14, -4
  36 0002 00AF     		add	r7, sp, #0
  37              	.LCFI1:
  38              		.cfi_def_cfa_register 7
  72:Drivers/STM32L0xx_HAL_Driver/Src/stm32l0xx_hal_pwr_ex.c ****   return  (PWR->CR & PWR_CR_VOS);
  39              		.loc 1 72 15
  40 0004 034B     		ldr	r3, .L3
  41 0006 1A68     		ldr	r2, [r3]
  42              		.loc 1 72 20
  43 0008 C023     		movs	r3, #192
ARM GAS  C:\Users\lidka\AppData\Local\Temp\ccTu9ICs.s 			page 3


  44 000a 5B01     		lsls	r3, r3, #5
  45 000c 1340     		ands	r3, r2
  73:Drivers/STM32L0xx_HAL_Driver/Src/stm32l0xx_hal_pwr_ex.c **** }
  46              		.loc 1 73 1
  47 000e 1800     		movs	r0, r3
  48 0010 BD46     		mov	sp, r7
  49              		@ sp needed
  50 0012 80BD     		pop	{r7, pc}
  51              	.L4:
  52              		.align	2
  53              	.L3:
  54 0014 00700040 		.word	1073770496
  55              		.cfi_endproc
  56              	.LFE47:
  58              		.section	.text.HAL_PWREx_EnableFastWakeUp,"ax",%progbits
  59              		.align	1
  60              		.global	HAL_PWREx_EnableFastWakeUp
  61              		.syntax unified
  62              		.code	16
  63              		.thumb_func
  65              	HAL_PWREx_EnableFastWakeUp:
  66              	.LFB48:
  74:Drivers/STM32L0xx_HAL_Driver/Src/stm32l0xx_hal_pwr_ex.c **** 
  75:Drivers/STM32L0xx_HAL_Driver/Src/stm32l0xx_hal_pwr_ex.c **** 
  76:Drivers/STM32L0xx_HAL_Driver/Src/stm32l0xx_hal_pwr_ex.c **** /**
  77:Drivers/STM32L0xx_HAL_Driver/Src/stm32l0xx_hal_pwr_ex.c ****   * @brief  Enables the Fast WakeUp from Ultra Low Power mode.
  78:Drivers/STM32L0xx_HAL_Driver/Src/stm32l0xx_hal_pwr_ex.c ****   * @note This bit works in conjunction with ULP bit. 
  79:Drivers/STM32L0xx_HAL_Driver/Src/stm32l0xx_hal_pwr_ex.c ****   *        Means, when ULP = 1 and FWU = 1 :VREFINT startup time is ignored when 
  80:Drivers/STM32L0xx_HAL_Driver/Src/stm32l0xx_hal_pwr_ex.c ****   *        exiting from low power mode.
  81:Drivers/STM32L0xx_HAL_Driver/Src/stm32l0xx_hal_pwr_ex.c ****   * @retval None
  82:Drivers/STM32L0xx_HAL_Driver/Src/stm32l0xx_hal_pwr_ex.c ****   */
  83:Drivers/STM32L0xx_HAL_Driver/Src/stm32l0xx_hal_pwr_ex.c **** void HAL_PWREx_EnableFastWakeUp(void)
  84:Drivers/STM32L0xx_HAL_Driver/Src/stm32l0xx_hal_pwr_ex.c **** {
  67              		.loc 1 84 1
  68              		.cfi_startproc
  69              		@ args = 0, pretend = 0, frame = 0
  70              		@ frame_needed = 1, uses_anonymous_args = 0
  71 0000 80B5     		push	{r7, lr}
  72              	.LCFI2:
  73              		.cfi_def_cfa_offset 8
  74              		.cfi_offset 7, -8
  75              		.cfi_offset 14, -4
  76 0002 00AF     		add	r7, sp, #0
  77              	.LCFI3:
  78              		.cfi_def_cfa_register 7
  85:Drivers/STM32L0xx_HAL_Driver/Src/stm32l0xx_hal_pwr_ex.c ****   /* Enable the fast wake up */
  86:Drivers/STM32L0xx_HAL_Driver/Src/stm32l0xx_hal_pwr_ex.c ****   SET_BIT(PWR->CR, PWR_CR_FWU);
  79              		.loc 1 86 3
  80 0004 044B     		ldr	r3, .L6
  81 0006 1A68     		ldr	r2, [r3]
  82 0008 034B     		ldr	r3, .L6
  83 000a 8021     		movs	r1, #128
  84 000c C900     		lsls	r1, r1, #3
  85 000e 0A43     		orrs	r2, r1
  86 0010 1A60     		str	r2, [r3]
  87:Drivers/STM32L0xx_HAL_Driver/Src/stm32l0xx_hal_pwr_ex.c **** }
  87              		.loc 1 87 1
ARM GAS  C:\Users\lidka\AppData\Local\Temp\ccTu9ICs.s 			page 4


  88 0012 C046     		nop
  89 0014 BD46     		mov	sp, r7
  90              		@ sp needed
  91 0016 80BD     		pop	{r7, pc}
  92              	.L7:
  93              		.align	2
  94              	.L6:
  95 0018 00700040 		.word	1073770496
  96              		.cfi_endproc
  97              	.LFE48:
  99              		.section	.text.HAL_PWREx_DisableFastWakeUp,"ax",%progbits
 100              		.align	1
 101              		.global	HAL_PWREx_DisableFastWakeUp
 102              		.syntax unified
 103              		.code	16
 104              		.thumb_func
 106              	HAL_PWREx_DisableFastWakeUp:
 107              	.LFB49:
  88:Drivers/STM32L0xx_HAL_Driver/Src/stm32l0xx_hal_pwr_ex.c **** 
  89:Drivers/STM32L0xx_HAL_Driver/Src/stm32l0xx_hal_pwr_ex.c **** /**
  90:Drivers/STM32L0xx_HAL_Driver/Src/stm32l0xx_hal_pwr_ex.c ****   * @brief  Disables the Fast WakeUp from Ultra Low Power mode.
  91:Drivers/STM32L0xx_HAL_Driver/Src/stm32l0xx_hal_pwr_ex.c ****   * @retval None
  92:Drivers/STM32L0xx_HAL_Driver/Src/stm32l0xx_hal_pwr_ex.c ****   */
  93:Drivers/STM32L0xx_HAL_Driver/Src/stm32l0xx_hal_pwr_ex.c **** void HAL_PWREx_DisableFastWakeUp(void)
  94:Drivers/STM32L0xx_HAL_Driver/Src/stm32l0xx_hal_pwr_ex.c **** {
 108              		.loc 1 94 1
 109              		.cfi_startproc
 110              		@ args = 0, pretend = 0, frame = 0
 111              		@ frame_needed = 1, uses_anonymous_args = 0
 112 0000 80B5     		push	{r7, lr}
 113              	.LCFI4:
 114              		.cfi_def_cfa_offset 8
 115              		.cfi_offset 7, -8
 116              		.cfi_offset 14, -4
 117 0002 00AF     		add	r7, sp, #0
 118              	.LCFI5:
 119              		.cfi_def_cfa_register 7
  95:Drivers/STM32L0xx_HAL_Driver/Src/stm32l0xx_hal_pwr_ex.c ****   /* Disable the fast wake up */
  96:Drivers/STM32L0xx_HAL_Driver/Src/stm32l0xx_hal_pwr_ex.c ****   CLEAR_BIT(PWR->CR, PWR_CR_FWU);
 120              		.loc 1 96 3
 121 0004 044B     		ldr	r3, .L9
 122 0006 1A68     		ldr	r2, [r3]
 123 0008 034B     		ldr	r3, .L9
 124 000a 0449     		ldr	r1, .L9+4
 125 000c 0A40     		ands	r2, r1
 126 000e 1A60     		str	r2, [r3]
  97:Drivers/STM32L0xx_HAL_Driver/Src/stm32l0xx_hal_pwr_ex.c **** }
 127              		.loc 1 97 1
 128 0010 C046     		nop
 129 0012 BD46     		mov	sp, r7
 130              		@ sp needed
 131 0014 80BD     		pop	{r7, pc}
 132              	.L10:
 133 0016 C046     		.align	2
 134              	.L9:
 135 0018 00700040 		.word	1073770496
 136 001c FFFBFFFF 		.word	-1025
ARM GAS  C:\Users\lidka\AppData\Local\Temp\ccTu9ICs.s 			page 5


 137              		.cfi_endproc
 138              	.LFE49:
 140              		.section	.text.HAL_PWREx_EnableUltraLowPower,"ax",%progbits
 141              		.align	1
 142              		.global	HAL_PWREx_EnableUltraLowPower
 143              		.syntax unified
 144              		.code	16
 145              		.thumb_func
 147              	HAL_PWREx_EnableUltraLowPower:
 148              	.LFB50:
  98:Drivers/STM32L0xx_HAL_Driver/Src/stm32l0xx_hal_pwr_ex.c **** 
  99:Drivers/STM32L0xx_HAL_Driver/Src/stm32l0xx_hal_pwr_ex.c **** /**
 100:Drivers/STM32L0xx_HAL_Driver/Src/stm32l0xx_hal_pwr_ex.c ****   * @brief  Enables the Ultra Low Power mode
 101:Drivers/STM32L0xx_HAL_Driver/Src/stm32l0xx_hal_pwr_ex.c ****   * @retval None
 102:Drivers/STM32L0xx_HAL_Driver/Src/stm32l0xx_hal_pwr_ex.c ****   */
 103:Drivers/STM32L0xx_HAL_Driver/Src/stm32l0xx_hal_pwr_ex.c **** void HAL_PWREx_EnableUltraLowPower(void)
 104:Drivers/STM32L0xx_HAL_Driver/Src/stm32l0xx_hal_pwr_ex.c **** {
 149              		.loc 1 104 1
 150              		.cfi_startproc
 151              		@ args = 0, pretend = 0, frame = 0
 152              		@ frame_needed = 1, uses_anonymous_args = 0
 153 0000 80B5     		push	{r7, lr}
 154              	.LCFI6:
 155              		.cfi_def_cfa_offset 8
 156              		.cfi_offset 7, -8
 157              		.cfi_offset 14, -4
 158 0002 00AF     		add	r7, sp, #0
 159              	.LCFI7:
 160              		.cfi_def_cfa_register 7
 105:Drivers/STM32L0xx_HAL_Driver/Src/stm32l0xx_hal_pwr_ex.c ****   /* Enable the Ultra Low Power mode */
 106:Drivers/STM32L0xx_HAL_Driver/Src/stm32l0xx_hal_pwr_ex.c ****   SET_BIT(PWR->CR, PWR_CR_ULP);
 161              		.loc 1 106 3
 162 0004 044B     		ldr	r3, .L12
 163 0006 1A68     		ldr	r2, [r3]
 164 0008 034B     		ldr	r3, .L12
 165 000a 8021     		movs	r1, #128
 166 000c 8900     		lsls	r1, r1, #2
 167 000e 0A43     		orrs	r2, r1
 168 0010 1A60     		str	r2, [r3]
 107:Drivers/STM32L0xx_HAL_Driver/Src/stm32l0xx_hal_pwr_ex.c **** }
 169              		.loc 1 107 1
 170 0012 C046     		nop
 171 0014 BD46     		mov	sp, r7
 172              		@ sp needed
 173 0016 80BD     		pop	{r7, pc}
 174              	.L13:
 175              		.align	2
 176              	.L12:
 177 0018 00700040 		.word	1073770496
 178              		.cfi_endproc
 179              	.LFE50:
 181              		.section	.text.HAL_PWREx_DisableUltraLowPower,"ax",%progbits
 182              		.align	1
 183              		.global	HAL_PWREx_DisableUltraLowPower
 184              		.syntax unified
 185              		.code	16
 186              		.thumb_func
ARM GAS  C:\Users\lidka\AppData\Local\Temp\ccTu9ICs.s 			page 6


 188              	HAL_PWREx_DisableUltraLowPower:
 189              	.LFB51:
 108:Drivers/STM32L0xx_HAL_Driver/Src/stm32l0xx_hal_pwr_ex.c **** 
 109:Drivers/STM32L0xx_HAL_Driver/Src/stm32l0xx_hal_pwr_ex.c **** /**
 110:Drivers/STM32L0xx_HAL_Driver/Src/stm32l0xx_hal_pwr_ex.c ****   * @brief  Disables the Ultra Low Power mode
 111:Drivers/STM32L0xx_HAL_Driver/Src/stm32l0xx_hal_pwr_ex.c ****   * @retval None
 112:Drivers/STM32L0xx_HAL_Driver/Src/stm32l0xx_hal_pwr_ex.c ****   */
 113:Drivers/STM32L0xx_HAL_Driver/Src/stm32l0xx_hal_pwr_ex.c **** void HAL_PWREx_DisableUltraLowPower(void)
 114:Drivers/STM32L0xx_HAL_Driver/Src/stm32l0xx_hal_pwr_ex.c **** {
 190              		.loc 1 114 1
 191              		.cfi_startproc
 192              		@ args = 0, pretend = 0, frame = 0
 193              		@ frame_needed = 1, uses_anonymous_args = 0
 194 0000 80B5     		push	{r7, lr}
 195              	.LCFI8:
 196              		.cfi_def_cfa_offset 8
 197              		.cfi_offset 7, -8
 198              		.cfi_offset 14, -4
 199 0002 00AF     		add	r7, sp, #0
 200              	.LCFI9:
 201              		.cfi_def_cfa_register 7
 115:Drivers/STM32L0xx_HAL_Driver/Src/stm32l0xx_hal_pwr_ex.c ****   /* Disable the Ultra Low Power mode */
 116:Drivers/STM32L0xx_HAL_Driver/Src/stm32l0xx_hal_pwr_ex.c ****   CLEAR_BIT(PWR->CR, PWR_CR_ULP);
 202              		.loc 1 116 3
 203 0004 044B     		ldr	r3, .L15
 204 0006 1A68     		ldr	r2, [r3]
 205 0008 034B     		ldr	r3, .L15
 206 000a 0449     		ldr	r1, .L15+4
 207 000c 0A40     		ands	r2, r1
 208 000e 1A60     		str	r2, [r3]
 117:Drivers/STM32L0xx_HAL_Driver/Src/stm32l0xx_hal_pwr_ex.c **** }
 209              		.loc 1 117 1
 210 0010 C046     		nop
 211 0012 BD46     		mov	sp, r7
 212              		@ sp needed
 213 0014 80BD     		pop	{r7, pc}
 214              	.L16:
 215 0016 C046     		.align	2
 216              	.L15:
 217 0018 00700040 		.word	1073770496
 218 001c FFFDFFFF 		.word	-513
 219              		.cfi_endproc
 220              	.LFE51:
 222              		.section	.text.HAL_PWREx_EnableLowPowerRunMode,"ax",%progbits
 223              		.align	1
 224              		.global	HAL_PWREx_EnableLowPowerRunMode
 225              		.syntax unified
 226              		.code	16
 227              		.thumb_func
 229              	HAL_PWREx_EnableLowPowerRunMode:
 230              	.LFB52:
 118:Drivers/STM32L0xx_HAL_Driver/Src/stm32l0xx_hal_pwr_ex.c **** 
 119:Drivers/STM32L0xx_HAL_Driver/Src/stm32l0xx_hal_pwr_ex.c **** /**
 120:Drivers/STM32L0xx_HAL_Driver/Src/stm32l0xx_hal_pwr_ex.c ****   * @brief  Enable the Low Power Run mode.
 121:Drivers/STM32L0xx_HAL_Driver/Src/stm32l0xx_hal_pwr_ex.c ****   * @note   Low power run mode can only be entered when VCORE is in range 2.
 122:Drivers/STM32L0xx_HAL_Driver/Src/stm32l0xx_hal_pwr_ex.c ****   *         In addition, the dynamic voltage scaling must not be used when Low
 123:Drivers/STM32L0xx_HAL_Driver/Src/stm32l0xx_hal_pwr_ex.c ****   *         power run mode is selected. Only Stop and Sleep modes with regulator
ARM GAS  C:\Users\lidka\AppData\Local\Temp\ccTu9ICs.s 			page 7


 124:Drivers/STM32L0xx_HAL_Driver/Src/stm32l0xx_hal_pwr_ex.c ****   *         configured in Low power mode is allowed when Low power run mode is 
 125:Drivers/STM32L0xx_HAL_Driver/Src/stm32l0xx_hal_pwr_ex.c ****   *         selected.
 126:Drivers/STM32L0xx_HAL_Driver/Src/stm32l0xx_hal_pwr_ex.c ****   * @note   The frequency of the system clock must be decreased to not exceed the
 127:Drivers/STM32L0xx_HAL_Driver/Src/stm32l0xx_hal_pwr_ex.c ****   *         frequency of RCC_MSIRANGE_1.
 128:Drivers/STM32L0xx_HAL_Driver/Src/stm32l0xx_hal_pwr_ex.c ****   * @note   In Low power run mode, all I/O pins keep the same state as in Run mode.
 129:Drivers/STM32L0xx_HAL_Driver/Src/stm32l0xx_hal_pwr_ex.c ****   * @retval None
 130:Drivers/STM32L0xx_HAL_Driver/Src/stm32l0xx_hal_pwr_ex.c ****   */
 131:Drivers/STM32L0xx_HAL_Driver/Src/stm32l0xx_hal_pwr_ex.c **** void HAL_PWREx_EnableLowPowerRunMode(void)
 132:Drivers/STM32L0xx_HAL_Driver/Src/stm32l0xx_hal_pwr_ex.c **** {
 231              		.loc 1 132 1
 232              		.cfi_startproc
 233              		@ args = 0, pretend = 0, frame = 0
 234              		@ frame_needed = 1, uses_anonymous_args = 0
 235 0000 80B5     		push	{r7, lr}
 236              	.LCFI10:
 237              		.cfi_def_cfa_offset 8
 238              		.cfi_offset 7, -8
 239              		.cfi_offset 14, -4
 240 0002 00AF     		add	r7, sp, #0
 241              	.LCFI11:
 242              		.cfi_def_cfa_register 7
 133:Drivers/STM32L0xx_HAL_Driver/Src/stm32l0xx_hal_pwr_ex.c ****   /* Enters the Low Power Run mode */
 134:Drivers/STM32L0xx_HAL_Driver/Src/stm32l0xx_hal_pwr_ex.c ****   SET_BIT(PWR->CR, PWR_CR_LPSDSR);
 243              		.loc 1 134 3
 244 0004 074B     		ldr	r3, .L18
 245 0006 1A68     		ldr	r2, [r3]
 246 0008 064B     		ldr	r3, .L18
 247 000a 0121     		movs	r1, #1
 248 000c 0A43     		orrs	r2, r1
 249 000e 1A60     		str	r2, [r3]
 135:Drivers/STM32L0xx_HAL_Driver/Src/stm32l0xx_hal_pwr_ex.c ****   SET_BIT(PWR->CR, PWR_CR_LPRUN);
 250              		.loc 1 135 3
 251 0010 044B     		ldr	r3, .L18
 252 0012 1A68     		ldr	r2, [r3]
 253 0014 034B     		ldr	r3, .L18
 254 0016 8021     		movs	r1, #128
 255 0018 C901     		lsls	r1, r1, #7
 256 001a 0A43     		orrs	r2, r1
 257 001c 1A60     		str	r2, [r3]
 136:Drivers/STM32L0xx_HAL_Driver/Src/stm32l0xx_hal_pwr_ex.c **** }
 258              		.loc 1 136 1
 259 001e C046     		nop
 260 0020 BD46     		mov	sp, r7
 261              		@ sp needed
 262 0022 80BD     		pop	{r7, pc}
 263              	.L19:
 264              		.align	2
 265              	.L18:
 266 0024 00700040 		.word	1073770496
 267              		.cfi_endproc
 268              	.LFE52:
 270              		.global	__aeabi_uidiv
 271              		.section	.text.HAL_PWREx_DisableLowPowerRunMode,"ax",%progbits
 272              		.align	1
 273              		.global	HAL_PWREx_DisableLowPowerRunMode
 274              		.syntax unified
 275              		.code	16
ARM GAS  C:\Users\lidka\AppData\Local\Temp\ccTu9ICs.s 			page 8


 276              		.thumb_func
 278              	HAL_PWREx_DisableLowPowerRunMode:
 279              	.LFB53:
 137:Drivers/STM32L0xx_HAL_Driver/Src/stm32l0xx_hal_pwr_ex.c **** 
 138:Drivers/STM32L0xx_HAL_Driver/Src/stm32l0xx_hal_pwr_ex.c **** /**
 139:Drivers/STM32L0xx_HAL_Driver/Src/stm32l0xx_hal_pwr_ex.c ****   * @brief  Disable the Low Power Run mode.
 140:Drivers/STM32L0xx_HAL_Driver/Src/stm32l0xx_hal_pwr_ex.c ****   * @note  Before HAL_PWREx_DisableLowPowerRunMode() completion, the function checks that 
 141:Drivers/STM32L0xx_HAL_Driver/Src/stm32l0xx_hal_pwr_ex.c ****   *        REGLPF has been properly reset (otherwise, HAL_PWREx_DisableLowPowerRunMode 
 142:Drivers/STM32L0xx_HAL_Driver/Src/stm32l0xx_hal_pwr_ex.c ****   *        returns HAL_TIMEOUT status). The system clock frequency can then be
 143:Drivers/STM32L0xx_HAL_Driver/Src/stm32l0xx_hal_pwr_ex.c ****   *        increased above 2 MHz.   
 144:Drivers/STM32L0xx_HAL_Driver/Src/stm32l0xx_hal_pwr_ex.c ****   * @retval HAL_StatusTypeDef
 145:Drivers/STM32L0xx_HAL_Driver/Src/stm32l0xx_hal_pwr_ex.c ****   */
 146:Drivers/STM32L0xx_HAL_Driver/Src/stm32l0xx_hal_pwr_ex.c **** HAL_StatusTypeDef HAL_PWREx_DisableLowPowerRunMode(void)
 147:Drivers/STM32L0xx_HAL_Driver/Src/stm32l0xx_hal_pwr_ex.c **** {
 280              		.loc 1 147 1
 281              		.cfi_startproc
 282              		@ args = 0, pretend = 0, frame = 8
 283              		@ frame_needed = 1, uses_anonymous_args = 0
 284 0000 80B5     		push	{r7, lr}
 285              	.LCFI12:
 286              		.cfi_def_cfa_offset 8
 287              		.cfi_offset 7, -8
 288              		.cfi_offset 14, -4
 289 0002 82B0     		sub	sp, sp, #8
 290              	.LCFI13:
 291              		.cfi_def_cfa_offset 16
 292 0004 00AF     		add	r7, sp, #0
 293              	.LCFI14:
 294              		.cfi_def_cfa_register 7
 148:Drivers/STM32L0xx_HAL_Driver/Src/stm32l0xx_hal_pwr_ex.c ****   uint32_t wait_loop_index = 0U;
 295              		.loc 1 148 12
 296 0006 0023     		movs	r3, #0
 297 0008 7B60     		str	r3, [r7, #4]
 149:Drivers/STM32L0xx_HAL_Driver/Src/stm32l0xx_hal_pwr_ex.c ****   
 150:Drivers/STM32L0xx_HAL_Driver/Src/stm32l0xx_hal_pwr_ex.c ****   /* Exit the Low Power Run mode */
 151:Drivers/STM32L0xx_HAL_Driver/Src/stm32l0xx_hal_pwr_ex.c ****   CLEAR_BIT(PWR->CR, PWR_CR_LPRUN);
 298              		.loc 1 151 3
 299 000a 184B     		ldr	r3, .L26
 300 000c 1A68     		ldr	r2, [r3]
 301 000e 174B     		ldr	r3, .L26
 302 0010 1749     		ldr	r1, .L26+4
 303 0012 0A40     		ands	r2, r1
 304 0014 1A60     		str	r2, [r3]
 152:Drivers/STM32L0xx_HAL_Driver/Src/stm32l0xx_hal_pwr_ex.c ****   CLEAR_BIT(PWR->CR, PWR_CR_LPSDSR);
 305              		.loc 1 152 3
 306 0016 154B     		ldr	r3, .L26
 307 0018 1A68     		ldr	r2, [r3]
 308 001a 144B     		ldr	r3, .L26
 309 001c 0121     		movs	r1, #1
 310 001e 8A43     		bics	r2, r1
 311 0020 1A60     		str	r2, [r3]
 153:Drivers/STM32L0xx_HAL_Driver/Src/stm32l0xx_hal_pwr_ex.c ****   
 154:Drivers/STM32L0xx_HAL_Driver/Src/stm32l0xx_hal_pwr_ex.c ****   /* Wait until REGLPF is reset */
 155:Drivers/STM32L0xx_HAL_Driver/Src/stm32l0xx_hal_pwr_ex.c ****   wait_loop_index = (PWR_FLAG_SETTING_DELAY_US * (SystemCoreClock / 1000000U));
 312              		.loc 1 155 67
 313 0022 144B     		ldr	r3, .L26+8
 314 0024 1B68     		ldr	r3, [r3]
ARM GAS  C:\Users\lidka\AppData\Local\Temp\ccTu9ICs.s 			page 9


 315 0026 1449     		ldr	r1, .L26+12
 316 0028 1800     		movs	r0, r3
 317 002a FFF7FEFF 		bl	__aeabi_uidiv
 318 002e 0300     		movs	r3, r0
 319 0030 1A00     		movs	r2, r3
 320              		.loc 1 155 19
 321 0032 3223     		movs	r3, #50
 322 0034 5343     		muls	r3, r2
 323 0036 7B60     		str	r3, [r7, #4]
 156:Drivers/STM32L0xx_HAL_Driver/Src/stm32l0xx_hal_pwr_ex.c **** 
 157:Drivers/STM32L0xx_HAL_Driver/Src/stm32l0xx_hal_pwr_ex.c ****   while ((wait_loop_index != 0U) && (HAL_IS_BIT_SET(PWR->CSR, PWR_CSR_REGLPF)))
 324              		.loc 1 157 9
 325 0038 02E0     		b	.L21
 326              	.L23:
 158:Drivers/STM32L0xx_HAL_Driver/Src/stm32l0xx_hal_pwr_ex.c ****   {
 159:Drivers/STM32L0xx_HAL_Driver/Src/stm32l0xx_hal_pwr_ex.c ****     wait_loop_index--;
 327              		.loc 1 159 20
 328 003a 7B68     		ldr	r3, [r7, #4]
 329 003c 013B     		subs	r3, r3, #1
 330 003e 7B60     		str	r3, [r7, #4]
 331              	.L21:
 157:Drivers/STM32L0xx_HAL_Driver/Src/stm32l0xx_hal_pwr_ex.c ****   {
 332              		.loc 1 157 9
 333 0040 7B68     		ldr	r3, [r7, #4]
 334 0042 002B     		cmp	r3, #0
 335 0044 05D0     		beq	.L22
 157:Drivers/STM32L0xx_HAL_Driver/Src/stm32l0xx_hal_pwr_ex.c ****   {
 336              		.loc 1 157 38 discriminator 1
 337 0046 094B     		ldr	r3, .L26
 338 0048 5B68     		ldr	r3, [r3, #4]
 339 004a 2022     		movs	r2, #32
 340 004c 1340     		ands	r3, r2
 157:Drivers/STM32L0xx_HAL_Driver/Src/stm32l0xx_hal_pwr_ex.c ****   {
 341              		.loc 1 157 34 discriminator 1
 342 004e 202B     		cmp	r3, #32
 343 0050 F3D0     		beq	.L23
 344              	.L22:
 160:Drivers/STM32L0xx_HAL_Driver/Src/stm32l0xx_hal_pwr_ex.c ****   }
 161:Drivers/STM32L0xx_HAL_Driver/Src/stm32l0xx_hal_pwr_ex.c **** 
 162:Drivers/STM32L0xx_HAL_Driver/Src/stm32l0xx_hal_pwr_ex.c ****   if (HAL_IS_BIT_SET(PWR->CSR, PWR_CSR_REGLPF))
 345              		.loc 1 162 7
 346 0052 064B     		ldr	r3, .L26
 347 0054 5B68     		ldr	r3, [r3, #4]
 348 0056 2022     		movs	r2, #32
 349 0058 1340     		ands	r3, r2
 350              		.loc 1 162 6
 351 005a 202B     		cmp	r3, #32
 352 005c 01D1     		bne	.L24
 163:Drivers/STM32L0xx_HAL_Driver/Src/stm32l0xx_hal_pwr_ex.c ****   {
 164:Drivers/STM32L0xx_HAL_Driver/Src/stm32l0xx_hal_pwr_ex.c ****     return HAL_TIMEOUT;
 353              		.loc 1 164 12
 354 005e 0323     		movs	r3, #3
 355 0060 00E0     		b	.L25
 356              	.L24:
 165:Drivers/STM32L0xx_HAL_Driver/Src/stm32l0xx_hal_pwr_ex.c ****   }
 166:Drivers/STM32L0xx_HAL_Driver/Src/stm32l0xx_hal_pwr_ex.c **** 
 167:Drivers/STM32L0xx_HAL_Driver/Src/stm32l0xx_hal_pwr_ex.c ****   return HAL_OK;
ARM GAS  C:\Users\lidka\AppData\Local\Temp\ccTu9ICs.s 			page 10


 357              		.loc 1 167 10
 358 0062 0023     		movs	r3, #0
 359              	.L25:
 168:Drivers/STM32L0xx_HAL_Driver/Src/stm32l0xx_hal_pwr_ex.c **** }
 360              		.loc 1 168 1
 361 0064 1800     		movs	r0, r3
 362 0066 BD46     		mov	sp, r7
 363 0068 02B0     		add	sp, sp, #8
 364              		@ sp needed
 365 006a 80BD     		pop	{r7, pc}
 366              	.L27:
 367              		.align	2
 368              	.L26:
 369 006c 00700040 		.word	1073770496
 370 0070 FFBFFFFF 		.word	-16385
 371 0074 00000000 		.word	SystemCoreClock
 372 0078 40420F00 		.word	1000000
 373              		.cfi_endproc
 374              	.LFE53:
 376              		.text
 377              	.Letext0:
 378              		.file 2 "d:\\program files (x86)\\gnu arm embedded toolchain\\10 2021.10\\arm-none-eabi\\include\\
 379              		.file 3 "d:\\program files (x86)\\gnu arm embedded toolchain\\10 2021.10\\arm-none-eabi\\include\\
 380              		.file 4 "Drivers/CMSIS/Device/ST/STM32L0xx/Include/stm32l053xx.h"
 381              		.file 5 "Drivers/STM32L0xx_HAL_Driver/Inc/stm32l0xx_hal_def.h"
 382              		.file 6 "Drivers/CMSIS/Device/ST/STM32L0xx/Include/system_stm32l0xx.h"
ARM GAS  C:\Users\lidka\AppData\Local\Temp\ccTu9ICs.s 			page 11


DEFINED SYMBOLS
                            *ABS*:00000000 stm32l0xx_hal_pwr_ex.c
C:\Users\lidka\AppData\Local\Temp\ccTu9ICs.s:18     .text.HAL_PWREx_GetVoltageRange:00000000 $t
C:\Users\lidka\AppData\Local\Temp\ccTu9ICs.s:24     .text.HAL_PWREx_GetVoltageRange:00000000 HAL_PWREx_GetVoltageRange
C:\Users\lidka\AppData\Local\Temp\ccTu9ICs.s:54     .text.HAL_PWREx_GetVoltageRange:00000014 $d
C:\Users\lidka\AppData\Local\Temp\ccTu9ICs.s:59     .text.HAL_PWREx_EnableFastWakeUp:00000000 $t
C:\Users\lidka\AppData\Local\Temp\ccTu9ICs.s:65     .text.HAL_PWREx_EnableFastWakeUp:00000000 HAL_PWREx_EnableFastWakeUp
C:\Users\lidka\AppData\Local\Temp\ccTu9ICs.s:95     .text.HAL_PWREx_EnableFastWakeUp:00000018 $d
C:\Users\lidka\AppData\Local\Temp\ccTu9ICs.s:100    .text.HAL_PWREx_DisableFastWakeUp:00000000 $t
C:\Users\lidka\AppData\Local\Temp\ccTu9ICs.s:106    .text.HAL_PWREx_DisableFastWakeUp:00000000 HAL_PWREx_DisableFastWakeUp
C:\Users\lidka\AppData\Local\Temp\ccTu9ICs.s:135    .text.HAL_PWREx_DisableFastWakeUp:00000018 $d
C:\Users\lidka\AppData\Local\Temp\ccTu9ICs.s:141    .text.HAL_PWREx_EnableUltraLowPower:00000000 $t
C:\Users\lidka\AppData\Local\Temp\ccTu9ICs.s:147    .text.HAL_PWREx_EnableUltraLowPower:00000000 HAL_PWREx_EnableUltraLowPower
C:\Users\lidka\AppData\Local\Temp\ccTu9ICs.s:177    .text.HAL_PWREx_EnableUltraLowPower:00000018 $d
C:\Users\lidka\AppData\Local\Temp\ccTu9ICs.s:182    .text.HAL_PWREx_DisableUltraLowPower:00000000 $t
C:\Users\lidka\AppData\Local\Temp\ccTu9ICs.s:188    .text.HAL_PWREx_DisableUltraLowPower:00000000 HAL_PWREx_DisableUltraLowPower
C:\Users\lidka\AppData\Local\Temp\ccTu9ICs.s:217    .text.HAL_PWREx_DisableUltraLowPower:00000018 $d
C:\Users\lidka\AppData\Local\Temp\ccTu9ICs.s:223    .text.HAL_PWREx_EnableLowPowerRunMode:00000000 $t
C:\Users\lidka\AppData\Local\Temp\ccTu9ICs.s:229    .text.HAL_PWREx_EnableLowPowerRunMode:00000000 HAL_PWREx_EnableLowPowerRunMode
C:\Users\lidka\AppData\Local\Temp\ccTu9ICs.s:266    .text.HAL_PWREx_EnableLowPowerRunMode:00000024 $d
C:\Users\lidka\AppData\Local\Temp\ccTu9ICs.s:272    .text.HAL_PWREx_DisableLowPowerRunMode:00000000 $t
C:\Users\lidka\AppData\Local\Temp\ccTu9ICs.s:278    .text.HAL_PWREx_DisableLowPowerRunMode:00000000 HAL_PWREx_DisableLowPowerRunMode
C:\Users\lidka\AppData\Local\Temp\ccTu9ICs.s:369    .text.HAL_PWREx_DisableLowPowerRunMode:0000006c $d

UNDEFINED SYMBOLS
__aeabi_uidiv
SystemCoreClock
